#
# There is insufficient memory for the Java Runtime Environment to continue.
# Native memory allocation (malloc) failed to allocate 1124416 bytes for Chunk::new
# Possible reasons:
#   The system is out of physical RAM or swap space
#   The process is running with CompressedOops enabled, and the Java Heap may be blocking the growth of the native heap
# Possible solutions:
#   Reduce memory load on the system
#   Increase physical memory or swap space
#   Check if swap backing store is full
#   Decrease Java heap size (-Xmx/-Xms)
#   Decrease number of Java threads
#   Decrease Java thread stack sizes (-Xss)
#   Set larger code cache with -XX:ReservedCodeCacheSize=
#   JVM is running with Unscaled Compressed Oops mode in which the Java heap is
#     placed in the first 4GB address space. The Java Heap base address is the
#     maximum limit for the native heap growth. Please use -XX:HeapBaseMinAddress
#     to set the Java Heap base and to place the Java Heap above 4GB virtual address.
# This output file may be truncated or incomplete.
#
#  Out of Memory Error (arena.cpp:184), pid=15832, tid=1504
#
# JRE version: Java(TM) SE Runtime Environment (18.0+36) (build 18+36-2087)
# Java VM: Java HotSpot(TM) 64-Bit Server VM (18+36-2087, mixed mode, sharing, tiered, compressed oops, compressed class ptrs, g1 gc, windows-amd64)
# No core dump will be written. Minidumps are not enabled by default on client versions of Windows
#

---------------  S U M M A R Y ------------

Command Line: -javaagent:C:\Users\HP\eclipse\java-2022-063\eclipse\configuration\org.eclipse.osgi\387\0\.cp\jacocoagent.jar=includes=*,excludes=,exclclassloader=sun.reflect.DelegatingClassLoader,output=tcpclient,port=56440 -ea -Dfile.encoding=UTF-8 -XX:+ShowCodeDetailsInExceptionMessages org.eclipse.jdt.internal.junit.runner.RemoteTestRunner -version 3 -port 56441 -testLoaderClass org.eclipse.jdt.internal.junit5.runner.JUnit5TestLoader -loaderpluginname org.eclipse.jdt.junit5.runtime -packageNameFile C:\Users\HP\AppData\Local\Temp\packageNames17937828704729811180.txt -testfailures C:\Users\HP\AppData\Local\Temp\testFailures5501899478121305499.txt

Host: Intel(R) Core(TM) i5-5300U CPU @ 2.30GHz, 4 cores, 7G,  Windows 10 , 64 bit Build 19041 (10.0.19041.1889)
Time: Tue Nov  1 00:55:33 2022 Paris, Madrid elapsed time: 4.440407 seconds (0d 0h 0m 4s)

---------------  T H R E A D  ---------------

Current thread (0x00000251ee59b1f0):  JavaThread "C2 CompilerThread0" daemon [_thread_in_native, id=1504, stack(0x00000082bfe00000,0x00000082bff00000)]


Current CompileTask:
C2:   4440 2549       4       org.jacoco.agent.rt.internal_b6258fc.asm.ClassReader::readCode (5109 bytes)

Stack: [0x00000082bfe00000,0x00000082bff00000]
Native frames: (J=compiled Java code, j=interpreted, Vv=VM code, C=native code)
V  [jvm.dll+0x69804a]
V  [jvm.dll+0x7f308d]
V  [jvm.dll+0x7f499e]
V  [jvm.dll+0x7f5053]
V  [jvm.dll+0x25ca3f]
V  [jvm.dll+0xb8c2f]
V  [jvm.dll+0xb8fa5]
V  [jvm.dll+0x2c794f]
V  [jvm.dll+0x59fdb0]
V  [jvm.dll+0x238398]
V  [jvm.dll+0x2319c5]
V  [jvm.dll+0x22eeeb]
V  [jvm.dll+0x1b9cfc]
V  [jvm.dll+0x23e8ca]
V  [jvm.dll+0x23cbac]
V  [jvm.dll+0x7a5781]
V  [jvm.dll+0x79fbba]
V  [jvm.dll+0x696ef5]
C  [ucrtbase.dll+0x21bb2]
C  [KERNEL32.DLL+0x17034]
C  [ntdll.dll+0x526a1]


---------------  P R O C E S S  ---------------

Threads class SMR info:
_java_thread_list=0x00000251f30ead70, length=15, elements={
0x00000251d0cce540, 0x00000251ee5742c0, 0x00000251ee5751e0, 0x00000251ee58d700,
0x00000251ee58f370, 0x00000251ee58f830, 0x00000251ee591f10, 0x00000251ee59b1f0,
0x00000251ee59cea0, 0x00000251ee5bfb10, 0x00000251f29a6db0, 0x00000251f29a50d0,
0x00000251f29a7280, 0x00000251d0cd12d0, 0x00000251f29a7750
}

Java Threads: ( => current thread )
  0x00000251d0cce540 JavaThread "main" [_thread_in_Java, id=10412, stack(0x00000082bf100000,0x00000082bf200000)]
  0x00000251ee5742c0 JavaThread "Reference Handler" daemon [_thread_blocked, id=8436, stack(0x00000082bf800000,0x00000082bf900000)]
  0x00000251ee5751e0 JavaThread "Finalizer" daemon [_thread_blocked, id=10000, stack(0x00000082bf900000,0x00000082bfa00000)]
  0x00000251ee58d700 JavaThread "Signal Dispatcher" daemon [_thread_blocked, id=13000, stack(0x00000082bfa00000,0x00000082bfb00000)]
  0x00000251ee58f370 JavaThread "Attach Listener" daemon [_thread_blocked, id=7660, stack(0x00000082bfb00000,0x00000082bfc00000)]
  0x00000251ee58f830 JavaThread "Service Thread" daemon [_thread_blocked, id=13016, stack(0x00000082bfc00000,0x00000082bfd00000)]
  0x00000251ee591f10 JavaThread "Monitor Deflation Thread" daemon [_thread_blocked, id=9148, stack(0x00000082bfd00000,0x00000082bfe00000)]
=>0x00000251ee59b1f0 JavaThread "C2 CompilerThread0" daemon [_thread_in_native, id=1504, stack(0x00000082bfe00000,0x00000082bff00000)]
  0x00000251ee59cea0 JavaThread "C1 CompilerThread0" daemon [_thread_blocked, id=11124, stack(0x00000082bff00000,0x00000082c0000000)]
  0x00000251ee5bfb10 JavaThread "Sweeper thread" daemon [_thread_blocked, id=5284, stack(0x00000082c0000000,0x00000082c0100000)]
  0x00000251f29a6db0 JavaThread "Common-Cleaner" daemon [_thread_blocked, id=7344, stack(0x00000082c0100000,0x00000082c0200000)]
  0x00000251f29a50d0 JavaThread "org.jacoco.agent.rt.internal_b6258fc.output.TcpClientOutput" daemon [_thread_in_native, id=16328, stack(0x00000082c0200000,0x00000082c0300000)]
  0x00000251f29a7280 JavaThread "Notification Thread" daemon [_thread_blocked, id=8404, stack(0x00000082c0300000,0x00000082c0400000)]
  0x00000251d0cd12d0 JavaThread "C2 CompilerThread1" daemon [_thread_in_native, id=12156, stack(0x00000082c0500000,0x00000082c0600000)]
  0x00000251f29a7750 JavaThread "ReaderThread" [_thread_in_native, id=7980, stack(0x00000082c0900000,0x00000082c0a00000)]

Other Threads:
  0x00000251ee571250 VMThread "VM Thread" [stack: 0x00000082bf700000,0x00000082bf800000] [id=7548]
  0x00000251f3019fe0 WatcherThread "VM Periodic Task Thread" [stack: 0x00000082c0400000,0x00000082c0500000] [id=14592]
  0x00000251d0d28e10 WorkerThread "GC Thread#0" [stack: 0x00000082bf200000,0x00000082bf300000] [id=7744]
  0x00000251f3131f60 WorkerThread "GC Thread#1" [stack: 0x00000082c0600000,0x00000082c0700000] [id=8096]
  0x00000251f3392650 WorkerThread "GC Thread#2" [stack: 0x00000082c0700000,0x00000082c0800000] [id=14848]
  0x00000251f3a0e390 WorkerThread "GC Thread#3" [stack: 0x00000082c0800000,0x00000082c0900000] [id=7664]
  0x00000251d0d3a8a0 ConcurrentGCThread "G1 Main Marker" [stack: 0x00000082bf300000,0x00000082bf400000] [id=7484]
  0x00000251d0d3c1b0 WorkerThread "G1 Conc#0" [stack: 0x00000082bf400000,0x00000082bf500000] [id=10064]
  0x00000251d0d79ea0 ConcurrentGCThread "G1 Refine#0" [stack: 0x00000082bf500000,0x00000082bf600000] [id=9180]
  0x00000251d0d7c2e0 ConcurrentGCThread "G1 Service" [stack: 0x00000082bf600000,0x00000082bf700000] [id=10088]

Threads with active compile tasks:
C2 CompilerThread0     4487 2549       4       org.jacoco.agent.rt.internal_b6258fc.asm.ClassReader::readCode (5109 bytes)
C2 CompilerThread1     4488 2547       4       org.jacoco.agent.rt.internal_b6258fc.asm.ClassReader::readMethod (1066 bytes)

VM state: not at safepoint (normal execution)

VM Mutex/Monitor currently owned by a thread: None

Heap address: 0x0000000081e00000, size: 2018 MB, Compressed Oops mode: 32-bit

CDS archive(s) mapped at: [0x0000000800000000-0x0000000800ba0000-0x0000000800ba0000), size 12189696, SharedBaseAddress: 0x0000000800000000, ArchiveRelocationMode: 0.
Compressed class space mapped at: 0x0000000800c00000-0x0000000840c00000, reserved size: 1073741824
Narrow klass base: 0x0000000800000000, Narrow klass shift: 0, Narrow klass range: 0x100000000

GC Precious Log:
 CardTable entry size: 512
 Card Set container configuration: InlinePtr #cards 5 size 8 Array Of Cards #cards 12 size 40 Howl #buckets 4 coarsen threshold 1843 Howl Bitmap #cards 512 size 80 coarsen threshold 460 Card regions per heap region 1 cards per card region 2048
 CPUs: 4 total, 4 available
 Memory: 8067M
 Large Page Support: Disabled
 NUMA Support: Disabled
 Compressed Oops: Enabled (32-bit)
 Heap Region Size: 1M
 Heap Min Capacity: 8M
 Heap Initial Capacity: 128M
 Heap Max Capacity: 2018M
 Pre-touch: Disabled
 Parallel Workers: 4
 Concurrent Workers: 1
 Concurrent Refinement Workers: 4
 Periodic GC: Disabled

Heap:
 garbage-first heap   total 131072K, used 21878K [0x0000000081e00000, 0x0000000100000000)
  region size 1024K, 18 young (18432K), 4 survivors (4096K)
 Metaspace       used 13174K, committed 13504K, reserved 1114112K
  class space    used 1516K, committed 1664K, reserved 1048576K

Heap Regions: E=young(eden), S=young(survivor), O=old, HS=humongous(starts), HC=humongous(continues), CS=collection set, F=free, OA=open archive, CA=closed archive, TAMS=top-at-mark-start (previous, next)
|   0|0x0000000081e00000, 0x0000000081f00000, 0x0000000081f00000|100%| O|  |TAMS 0x0000000081e00000, 0x0000000081e00000| Untracked 
|   1|0x0000000081f00000, 0x0000000082000000, 0x0000000082000000|100%| O|  |TAMS 0x0000000081f00000, 0x0000000081f00000| Untracked 
|   2|0x0000000082000000, 0x0000000082100000, 0x0000000082100000|100%| O|  |TAMS 0x0000000082000000, 0x0000000082000000| Untracked 
|   3|0x0000000082100000, 0x0000000082200000, 0x0000000082200000|100%| O|  |TAMS 0x0000000082100000, 0x0000000082100000| Untracked 
|   4|0x0000000082200000, 0x00000000822f5e00, 0x0000000082300000| 96%| O|  |TAMS 0x0000000082200000, 0x0000000082200000| Untracked 
|   5|0x0000000082300000, 0x0000000082300000, 0x0000000082400000|  0%| F|  |TAMS 0x0000000082300000, 0x0000000082300000| Untracked 
|   6|0x0000000082400000, 0x0000000082400000, 0x0000000082500000|  0%| F|  |TAMS 0x0000000082400000, 0x0000000082400000| Untracked 
|   7|0x0000000082500000, 0x0000000082500000, 0x0000000082600000|  0%| F|  |TAMS 0x0000000082500000, 0x0000000082500000| Untracked 
|   8|0x0000000082600000, 0x0000000082600000, 0x0000000082700000|  0%| F|  |TAMS 0x0000000082600000, 0x0000000082600000| Untracked 
|   9|0x0000000082700000, 0x0000000082700000, 0x0000000082800000|  0%| F|  |TAMS 0x0000000082700000, 0x0000000082700000| Untracked 
|  10|0x0000000082800000, 0x0000000082800000, 0x0000000082900000|  0%| F|  |TAMS 0x0000000082800000, 0x0000000082800000| Untracked 
|  11|0x0000000082900000, 0x0000000082900000, 0x0000000082a00000|  0%| F|  |TAMS 0x0000000082900000, 0x0000000082900000| Untracked 
|  12|0x0000000082a00000, 0x0000000082a00000, 0x0000000082b00000|  0%| F|  |TAMS 0x0000000082a00000, 0x0000000082a00000| Untracked 
|  13|0x0000000082b00000, 0x0000000082b00000, 0x0000000082c00000|  0%| F|  |TAMS 0x0000000082b00000, 0x0000000082b00000| Untracked 
|  14|0x0000000082c00000, 0x0000000082c00000, 0x0000000082d00000|  0%| F|  |TAMS 0x0000000082c00000, 0x0000000082c00000| Untracked 
|  15|0x0000000082d00000, 0x0000000082d00000, 0x0000000082e00000|  0%| F|  |TAMS 0x0000000082d00000, 0x0000000082d00000| Untracked 
|  16|0x0000000082e00000, 0x0000000082e00000, 0x0000000082f00000|  0%| F|  |TAMS 0x0000000082e00000, 0x0000000082e00000| Untracked 
|  17|0x0000000082f00000, 0x0000000082f00000, 0x0000000083000000|  0%| F|  |TAMS 0x0000000082f00000, 0x0000000082f00000| Untracked 
|  18|0x0000000083000000, 0x0000000083000000, 0x0000000083100000|  0%| F|  |TAMS 0x0000000083000000, 0x0000000083000000| Untracked 
|  19|0x0000000083100000, 0x0000000083100000, 0x0000000083200000|  0%| F|  |TAMS 0x0000000083100000, 0x0000000083100000| Untracked 
|  20|0x0000000083200000, 0x0000000083200000, 0x0000000083300000|  0%| F|  |TAMS 0x0000000083200000, 0x0000000083200000| Untracked 
|  21|0x0000000083300000, 0x0000000083300000, 0x0000000083400000|  0%| F|  |TAMS 0x0000000083300000, 0x0000000083300000| Untracked 
|  22|0x0000000083400000, 0x0000000083400000, 0x0000000083500000|  0%| F|  |TAMS 0x0000000083400000, 0x0000000083400000| Untracked 
|  23|0x0000000083500000, 0x0000000083500000, 0x0000000083600000|  0%| F|  |TAMS 0x0000000083500000, 0x0000000083500000| Untracked 
|  24|0x0000000083600000, 0x0000000083600000, 0x0000000083700000|  0%| F|  |TAMS 0x0000000083600000, 0x0000000083600000| Untracked 
|  25|0x0000000083700000, 0x0000000083700000, 0x0000000083800000|  0%| F|  |TAMS 0x0000000083700000, 0x0000000083700000| Untracked 
|  26|0x0000000083800000, 0x0000000083800000, 0x0000000083900000|  0%| F|  |TAMS 0x0000000083800000, 0x0000000083800000| Untracked 
|  27|0x0000000083900000, 0x0000000083900000, 0x0000000083a00000|  0%| F|  |TAMS 0x0000000083900000, 0x0000000083900000| Untracked 
|  28|0x0000000083a00000, 0x0000000083a00000, 0x0000000083b00000|  0%| F|  |TAMS 0x0000000083a00000, 0x0000000083a00000| Untracked 
|  29|0x0000000083b00000, 0x0000000083b00000, 0x0000000083c00000|  0%| F|  |TAMS 0x0000000083b00000, 0x0000000083b00000| Untracked 
|  30|0x0000000083c00000, 0x0000000083c00000, 0x0000000083d00000|  0%| F|  |TAMS 0x0000000083c00000, 0x0000000083c00000| Untracked 
|  31|0x0000000083d00000, 0x0000000083d00000, 0x0000000083e00000|  0%| F|  |TAMS 0x0000000083d00000, 0x0000000083d00000| Untracked 
|  32|0x0000000083e00000, 0x0000000083e00000, 0x0000000083f00000|  0%| F|  |TAMS 0x0000000083e00000, 0x0000000083e00000| Untracked 
|  33|0x0000000083f00000, 0x0000000083f00000, 0x0000000084000000|  0%| F|  |TAMS 0x0000000083f00000, 0x0000000083f00000| Untracked 
|  34|0x0000000084000000, 0x0000000084000000, 0x0000000084100000|  0%| F|  |TAMS 0x0000000084000000, 0x0000000084000000| Untracked 
|  35|0x0000000084100000, 0x0000000084100000, 0x0000000084200000|  0%| F|  |TAMS 0x0000000084100000, 0x0000000084100000| Untracked 
|  36|0x0000000084200000, 0x0000000084200000, 0x0000000084300000|  0%| F|  |TAMS 0x0000000084200000, 0x0000000084200000| Untracked 
|  37|0x0000000084300000, 0x0000000084300000, 0x0000000084400000|  0%| F|  |TAMS 0x0000000084300000, 0x0000000084300000| Untracked 
|  38|0x0000000084400000, 0x0000000084400000, 0x0000000084500000|  0%| F|  |TAMS 0x0000000084400000, 0x0000000084400000| Untracked 
|  39|0x0000000084500000, 0x0000000084500000, 0x0000000084600000|  0%| F|  |TAMS 0x0000000084500000, 0x0000000084500000| Untracked 
|  40|0x0000000084600000, 0x0000000084600000, 0x0000000084700000|  0%| F|  |TAMS 0x0000000084600000, 0x0000000084600000| Untracked 
|  41|0x0000000084700000, 0x0000000084700000, 0x0000000084800000|  0%| F|  |TAMS 0x0000000084700000, 0x0000000084700000| Untracked 
|  42|0x0000000084800000, 0x0000000084800000, 0x0000000084900000|  0%| F|  |TAMS 0x0000000084800000, 0x0000000084800000| Untracked 
|  43|0x0000000084900000, 0x0000000084900000, 0x0000000084a00000|  0%| F|  |TAMS 0x0000000084900000, 0x0000000084900000| Untracked 
|  44|0x0000000084a00000, 0x0000000084a00000, 0x0000000084b00000|  0%| F|  |TAMS 0x0000000084a00000, 0x0000000084a00000| Untracked 
|  45|0x0000000084b00000, 0x0000000084b00000, 0x0000000084c00000|  0%| F|  |TAMS 0x0000000084b00000, 0x0000000084b00000| Untracked 
|  46|0x0000000084c00000, 0x0000000084c00000, 0x0000000084d00000|  0%| F|  |TAMS 0x0000000084c00000, 0x0000000084c00000| Untracked 
|  47|0x0000000084d00000, 0x0000000084d00000, 0x0000000084e00000|  0%| F|  |TAMS 0x0000000084d00000, 0x0000000084d00000| Untracked 
|  48|0x0000000084e00000, 0x0000000084e67a88, 0x0000000084f00000| 40%| S|CS|TAMS 0x0000000084e00000, 0x0000000084e00000| Complete 
|  49|0x0000000084f00000, 0x0000000085000000, 0x0000000085000000|100%| S|CS|TAMS 0x0000000084f00000, 0x0000000084f00000| Complete 
|  50|0x0000000085000000, 0x0000000085100000, 0x0000000085100000|100%| S|CS|TAMS 0x0000000085000000, 0x0000000085000000| Complete 
|  51|0x0000000085100000, 0x0000000085200000, 0x0000000085200000|100%| S|CS|TAMS 0x0000000085100000, 0x0000000085100000| Complete 
|  52|0x0000000085200000, 0x0000000085200000, 0x0000000085300000|  0%| F|  |TAMS 0x0000000085200000, 0x0000000085200000| Untracked 
|  53|0x0000000085300000, 0x0000000085300000, 0x0000000085400000|  0%| F|  |TAMS 0x0000000085300000, 0x0000000085300000| Untracked 
|  54|0x0000000085400000, 0x0000000085400000, 0x0000000085500000|  0%| F|  |TAMS 0x0000000085400000, 0x0000000085400000| Untracked 
|  55|0x0000000085500000, 0x0000000085500000, 0x0000000085600000|  0%| F|  |TAMS 0x0000000085500000, 0x0000000085500000| Untracked 
|  56|0x0000000085600000, 0x0000000085600000, 0x0000000085700000|  0%| F|  |TAMS 0x0000000085600000, 0x0000000085600000| Untracked 
|  57|0x0000000085700000, 0x0000000085700000, 0x0000000085800000|  0%| F|  |TAMS 0x0000000085700000, 0x0000000085700000| Untracked 
|  58|0x0000000085800000, 0x0000000085800000, 0x0000000085900000|  0%| F|  |TAMS 0x0000000085800000, 0x0000000085800000| Untracked 
|  59|0x0000000085900000, 0x0000000085900000, 0x0000000085a00000|  0%| F|  |TAMS 0x0000000085900000, 0x0000000085900000| Untracked 
|  60|0x0000000085a00000, 0x0000000085a00000, 0x0000000085b00000|  0%| F|  |TAMS 0x0000000085a00000, 0x0000000085a00000| Untracked 
|  61|0x0000000085b00000, 0x0000000085b00000, 0x0000000085c00000|  0%| F|  |TAMS 0x0000000085b00000, 0x0000000085b00000| Untracked 
|  62|0x0000000085c00000, 0x0000000085c00000, 0x0000000085d00000|  0%| F|  |TAMS 0x0000000085c00000, 0x0000000085c00000| Untracked 
|  63|0x0000000085d00000, 0x0000000085d00000, 0x0000000085e00000|  0%| F|  |TAMS 0x0000000085d00000, 0x0000000085d00000| Untracked 
|  64|0x0000000085e00000, 0x0000000085e00000, 0x0000000085f00000|  0%| F|  |TAMS 0x0000000085e00000, 0x0000000085e00000| Untracked 
|  65|0x0000000085f00000, 0x0000000085f00000, 0x0000000086000000|  0%| F|  |TAMS 0x0000000085f00000, 0x0000000085f00000| Untracked 
|  66|0x0000000086000000, 0x0000000086000000, 0x0000000086100000|  0%| F|  |TAMS 0x0000000086000000, 0x0000000086000000| Untracked 
|  67|0x0000000086100000, 0x0000000086100000, 0x0000000086200000|  0%| F|  |TAMS 0x0000000086100000, 0x0000000086100000| Untracked 
|  68|0x0000000086200000, 0x0000000086200000, 0x0000000086300000|  0%| F|  |TAMS 0x0000000086200000, 0x0000000086200000| Untracked 
|  69|0x0000000086300000, 0x0000000086300000, 0x0000000086400000|  0%| F|  |TAMS 0x0000000086300000, 0x0000000086300000| Untracked 
|  70|0x0000000086400000, 0x0000000086400000, 0x0000000086500000|  0%| F|  |TAMS 0x0000000086400000, 0x0000000086400000| Untracked 
|  71|0x0000000086500000, 0x0000000086500000, 0x0000000086600000|  0%| F|  |TAMS 0x0000000086500000, 0x0000000086500000| Untracked 
|  72|0x0000000086600000, 0x0000000086600000, 0x0000000086700000|  0%| F|  |TAMS 0x0000000086600000, 0x0000000086600000| Untracked 
|  73|0x0000000086700000, 0x0000000086700000, 0x0000000086800000|  0%| F|  |TAMS 0x0000000086700000, 0x0000000086700000| Untracked 
|  74|0x0000000086800000, 0x0000000086800000, 0x0000000086900000|  0%| F|  |TAMS 0x0000000086800000, 0x0000000086800000| Untracked 
|  75|0x0000000086900000, 0x0000000086900000, 0x0000000086a00000|  0%| F|  |TAMS 0x0000000086900000, 0x0000000086900000| Untracked 
|  76|0x0000000086a00000, 0x0000000086a00000, 0x0000000086b00000|  0%| F|  |TAMS 0x0000000086a00000, 0x0000000086a00000| Untracked 
|  77|0x0000000086b00000, 0x0000000086b00000, 0x0000000086c00000|  0%| F|  |TAMS 0x0000000086b00000, 0x0000000086b00000| Untracked 
|  78|0x0000000086c00000, 0x0000000086c00000, 0x0000000086d00000|  0%| F|  |TAMS 0x0000000086c00000, 0x0000000086c00000| Untracked 
|  79|0x0000000086d00000, 0x0000000086d00000, 0x0000000086e00000|  0%| F|  |TAMS 0x0000000086d00000, 0x0000000086d00000| Untracked 
|  80|0x0000000086e00000, 0x0000000086e00000, 0x0000000086f00000|  0%| F|  |TAMS 0x0000000086e00000, 0x0000000086e00000| Untracked 
|  81|0x0000000086f00000, 0x0000000086f00000, 0x0000000087000000|  0%| F|  |TAMS 0x0000000086f00000, 0x0000000086f00000| Untracked 
|  82|0x0000000087000000, 0x0000000087000000, 0x0000000087100000|  0%| F|  |TAMS 0x0000000087000000, 0x0000000087000000| Untracked 
|  83|0x0000000087100000, 0x0000000087100000, 0x0000000087200000|  0%| F|  |TAMS 0x0000000087100000, 0x0000000087100000| Untracked 
|  84|0x0000000087200000, 0x0000000087200000, 0x0000000087300000|  0%| F|  |TAMS 0x0000000087200000, 0x0000000087200000| Untracked 
|  85|0x0000000087300000, 0x0000000087300000, 0x0000000087400000|  0%| F|  |TAMS 0x0000000087300000, 0x0000000087300000| Untracked 
|  86|0x0000000087400000, 0x0000000087400000, 0x0000000087500000|  0%| F|  |TAMS 0x0000000087400000, 0x0000000087400000| Untracked 
|  87|0x0000000087500000, 0x0000000087500000, 0x0000000087600000|  0%| F|  |TAMS 0x0000000087500000, 0x0000000087500000| Untracked 
|  88|0x0000000087600000, 0x0000000087600000, 0x0000000087700000|  0%| F|  |TAMS 0x0000000087600000, 0x0000000087600000| Untracked 
|  89|0x0000000087700000, 0x0000000087700000, 0x0000000087800000|  0%| F|  |TAMS 0x0000000087700000, 0x0000000087700000| Untracked 
|  90|0x0000000087800000, 0x0000000087800000, 0x0000000087900000|  0%| F|  |TAMS 0x0000000087800000, 0x0000000087800000| Untracked 
|  91|0x0000000087900000, 0x0000000087900000, 0x0000000087a00000|  0%| F|  |TAMS 0x0000000087900000, 0x0000000087900000| Untracked 
|  92|0x0000000087a00000, 0x0000000087a00000, 0x0000000087b00000|  0%| F|  |TAMS 0x0000000087a00000, 0x0000000087a00000| Untracked 
|  93|0x0000000087b00000, 0x0000000087b00000, 0x0000000087c00000|  0%| F|  |TAMS 0x0000000087b00000, 0x0000000087b00000| Untracked 
|  94|0x0000000087c00000, 0x0000000087c00000, 0x0000000087d00000|  0%| F|  |TAMS 0x0000000087c00000, 0x0000000087c00000| Untracked 
|  95|0x0000000087d00000, 0x0000000087d00000, 0x0000000087e00000|  0%| F|  |TAMS 0x0000000087d00000, 0x0000000087d00000| Untracked 
|  96|0x0000000087e00000, 0x0000000087e00000, 0x0000000087f00000|  0%| F|  |TAMS 0x0000000087e00000, 0x0000000087e00000| Untracked 
|  97|0x0000000087f00000, 0x0000000087f00000, 0x0000000088000000|  0%| F|  |TAMS 0x0000000087f00000, 0x0000000087f00000| Untracked 
|  98|0x0000000088000000, 0x0000000088000000, 0x0000000088100000|  0%| F|  |TAMS 0x0000000088000000, 0x0000000088000000| Untracked 
|  99|0x0000000088100000, 0x0000000088100000, 0x0000000088200000|  0%| F|  |TAMS 0x0000000088100000, 0x0000000088100000| Untracked 
| 100|0x0000000088200000, 0x0000000088200000, 0x0000000088300000|  0%| F|  |TAMS 0x0000000088200000, 0x0000000088200000| Untracked 
| 101|0x0000000088300000, 0x0000000088300000, 0x0000000088400000|  0%| F|  |TAMS 0x0000000088300000, 0x0000000088300000| Untracked 
| 102|0x0000000088400000, 0x0000000088400000, 0x0000000088500000|  0%| F|  |TAMS 0x0000000088400000, 0x0000000088400000| Untracked 
| 103|0x0000000088500000, 0x0000000088500000, 0x0000000088600000|  0%| F|  |TAMS 0x0000000088500000, 0x0000000088500000| Untracked 
| 104|0x0000000088600000, 0x0000000088600000, 0x0000000088700000|  0%| F|  |TAMS 0x0000000088600000, 0x0000000088600000| Untracked 
| 105|0x0000000088700000, 0x0000000088700000, 0x0000000088800000|  0%| F|  |TAMS 0x0000000088700000, 0x0000000088700000| Untracked 
| 106|0x0000000088800000, 0x0000000088800000, 0x0000000088900000|  0%| F|  |TAMS 0x0000000088800000, 0x0000000088800000| Untracked 
| 107|0x0000000088900000, 0x0000000088900000, 0x0000000088a00000|  0%| F|  |TAMS 0x0000000088900000, 0x0000000088900000| Untracked 
| 108|0x0000000088a00000, 0x0000000088a00000, 0x0000000088b00000|  0%| F|  |TAMS 0x0000000088a00000, 0x0000000088a00000| Untracked 
| 109|0x0000000088b00000, 0x0000000088b00000, 0x0000000088c00000|  0%| F|  |TAMS 0x0000000088b00000, 0x0000000088b00000| Untracked 
| 110|0x0000000088c00000, 0x0000000088c00000, 0x0000000088d00000|  0%| F|  |TAMS 0x0000000088c00000, 0x0000000088c00000| Untracked 
| 111|0x0000000088d00000, 0x0000000088d00000, 0x0000000088e00000|  0%| F|  |TAMS 0x0000000088d00000, 0x0000000088d00000| Untracked 
| 112|0x0000000088e00000, 0x0000000088e00000, 0x0000000088f00000|  0%| F|  |TAMS 0x0000000088e00000, 0x0000000088e00000| Untracked 
| 113|0x0000000088f00000, 0x0000000088f00000, 0x0000000089000000|  0%| F|  |TAMS 0x0000000088f00000, 0x0000000088f00000| Untracked 
| 114|0x0000000089000000, 0x0000000089080800, 0x0000000089100000| 50%| E|  |TAMS 0x0000000089000000, 0x0000000089000000| Complete 
| 115|0x0000000089100000, 0x0000000089200000, 0x0000000089200000|100%| E|CS|TAMS 0x0000000089100000, 0x0000000089100000| Complete 
| 116|0x0000000089200000, 0x0000000089300000, 0x0000000089300000|100%| E|CS|TAMS 0x0000000089200000, 0x0000000089200000| Complete 
| 117|0x0000000089300000, 0x0000000089400000, 0x0000000089400000|100%| E|CS|TAMS 0x0000000089300000, 0x0000000089300000| Complete 
| 118|0x0000000089400000, 0x0000000089500000, 0x0000000089500000|100%| E|CS|TAMS 0x0000000089400000, 0x0000000089400000| Complete 
| 119|0x0000000089500000, 0x0000000089600000, 0x0000000089600000|100%| E|CS|TAMS 0x0000000089500000, 0x0000000089500000| Complete 
| 120|0x0000000089600000, 0x0000000089700000, 0x0000000089700000|100%| E|CS|TAMS 0x0000000089600000, 0x0000000089600000| Complete 
| 121|0x0000000089700000, 0x0000000089800000, 0x0000000089800000|100%| E|CS|TAMS 0x0000000089700000, 0x0000000089700000| Complete 
| 122|0x0000000089800000, 0x0000000089900000, 0x0000000089900000|100%| E|CS|TAMS 0x0000000089800000, 0x0000000089800000| Complete 
| 123|0x0000000089900000, 0x0000000089a00000, 0x0000000089a00000|100%| E|CS|TAMS 0x0000000089900000, 0x0000000089900000| Complete 
| 124|0x0000000089a00000, 0x0000000089b00000, 0x0000000089b00000|100%| E|CS|TAMS 0x0000000089a00000, 0x0000000089a00000| Complete 
| 125|0x0000000089b00000, 0x0000000089c00000, 0x0000000089c00000|100%| E|CS|TAMS 0x0000000089b00000, 0x0000000089b00000| Complete 
| 126|0x0000000089c00000, 0x0000000089d00000, 0x0000000089d00000|100%| E|CS|TAMS 0x0000000089c00000, 0x0000000089c00000| Complete 
| 127|0x0000000089d00000, 0x0000000089e00000, 0x0000000089e00000|100%| E|CS|TAMS 0x0000000089d00000, 0x0000000089d00000| Complete 

Card table byte_map: [0x00000251e79e0000,0x00000251e7de0000] _byte_map_base: 0x00000251e75d1000

Marking Bits (Prev, Next): (CMBitMap*) 0x00000251d0d2a330, (CMBitMap*) 0x00000251d0d2a370
 Prev Bits: [0x00000251e81e0000, 0x00000251ea168000)
 Next Bits: [0x00000251ea170000, 0x00000251ec0f8000)

Polling page: 0x00000251cee50000

Metaspace:

Usage:
  Non-class:     11.41 MB used.
      Class:      1.48 MB used.
       Both:     12.89 MB used.

Virtual space:
  Non-class space:       64.00 MB reserved,      11.56 MB ( 18%) committed,  1 nodes.
      Class space:        1.00 GB reserved,       1.62 MB ( <1%) committed,  1 nodes.
             Both:        1.06 GB reserved,      13.19 MB (  1%) committed. 

Chunk freelists:
   Non-Class:  3.66 MB
       Class:  2.34 MB
        Both:  6.00 MB

MaxMetaspaceSize: unlimited
CompressedClassSpaceSize: 1.00 GB
Initial GC threshold: 21.00 MB
Current GC threshold: 21.00 MB
CDS: on
MetaspaceReclaimPolicy: balanced
 - commit_granule_bytes: 65536.
 - commit_granule_words: 8192.
 - virtual_space_node_default_size: 8388608.
 - enlarge_chunks_in_place: 1.
 - new_chunks_are_fully_committed: 0.
 - uncommit_free_chunks: 1.
 - use_allocation_guard: 0.


Internal statistics:

num_allocs_failed_limit: 0.
num_arena_births: 204.
num_arena_deaths: 0.
num_vsnodes_births: 2.
num_vsnodes_deaths: 0.
num_space_committed: 211.
num_space_uncommitted: 0.
num_chunks_returned_to_freelist: 0.
num_chunks_taken_from_freelist: 557.
num_chunk_merges: 0.
num_chunk_splits: 378.
num_chunks_enlarged: 293.
num_inconsistent_stats: 0.

CodeHeap 'non-profiled nmethods': size=120000Kb used=1287Kb max_used=1287Kb free=118712Kb
 bounds [0x00000251e00b0000, 0x00000251e0320000, 0x00000251e75e0000]
CodeHeap 'profiled nmethods': size=120000Kb used=5903Kb max_used=5903Kb free=114096Kb
 bounds [0x00000251d8b80000, 0x00000251d9150000, 0x00000251e00b0000]
CodeHeap 'non-nmethods': size=5760Kb used=1201Kb max_used=1242Kb free=4558Kb
 bounds [0x00000251d85e0000, 0x00000251d8850000, 0x00000251d8b80000]
 total_blobs=3063 nmethods=2576 adapters=399
 compilation: enabled
              stopped_count=0, restarted_count=0
 full_count=0

Compilation events (20 events):
Event: 4.263 Thread 0x00000251ee59cea0 2570       3       jdk.internal.org.objectweb.asm.Frame::putAbstractType (379 bytes)
Event: 4.265 Thread 0x00000251ee59cea0 nmethod 2570 0x00000251d9131990 code [0x00000251d9131dc0, 0x00000251d9133518]
Event: 4.277 Thread 0x00000251ee59cea0 2571       3       jdk.internal.org.objectweb.asm.MethodWriter::putFrame (549 bytes)
Event: 4.279 Thread 0x00000251ee59cea0 nmethod 2571 0x00000251d9133f90 code [0x00000251d9134400, 0x00000251d9135f38]
Event: 4.279 Thread 0x00000251ee59cea0 2572       3       jdk.internal.org.objectweb.asm.Type::getArgumentTypes (154 bytes)
Event: 4.283 Thread 0x00000251ee59cea0 nmethod 2572 0x00000251d9136b90 code [0x00000251d9137040, 0x00000251d9139948]
Event: 4.283 Thread 0x00000251ee59cea0 2576       3       jdk.internal.org.objectweb.asm.SymbolTable::addConstantUtf8 (98 bytes)
Event: 4.284 Thread 0x00000251ee59cea0 nmethod 2576 0x00000251d913a890 code [0x00000251d913aac0, 0x00000251d913b098]
Event: 4.284 Thread 0x00000251ee59cea0 2574       3       java.lang.ClassLoader::createOrGetClassLoaderValueMap (37 bytes)
Event: 4.284 Thread 0x00000251ee59cea0 nmethod 2574 0x00000251d913b410 code [0x00000251d913b5e0, 0x00000251d913b968]
Event: 4.284 Thread 0x00000251ee59cea0 2573       3       java.lang.invoke.BoundMethodHandle$Species_L::make (11 bytes)
Event: 4.284 Thread 0x00000251ee59cea0 nmethod 2573 0x00000251d913ba90 code [0x00000251d913bc40, 0x00000251d913bea8]
Event: 4.284 Thread 0x00000251ee59cea0 2575       1       jdk.internal.org.objectweb.asm.SymbolTable::getClassName (5 bytes)
Event: 4.284 Thread 0x00000251ee59cea0 nmethod 2575 0x00000251e01e6590 code [0x00000251e01e6720, 0x00000251e01e67f8]
Event: 4.306 Thread 0x00000251ee59cea0 2577       3       org.jacoco.agent.rt.internal_b6258fc.core.internal.instr.ProbeArrayStrategyFactory::getProbeCounter (24 bytes)
Event: 4.306 Thread 0x00000251ee59cea0 nmethod 2577 0x00000251d913bf90 code [0x00000251d913c180, 0x00000251d913c748]
Event: 4.324 Thread 0x00000251ee59cea0 2578       3       org.jacoco.agent.rt.internal_b6258fc.core.internal.instr.NoneProbeArrayStrategy::addMembers (1 bytes)
Event: 4.325 Thread 0x00000251ee59cea0 nmethod 2578 0x00000251d913ca10 code [0x00000251d913cba0, 0x00000251d913ccb8]
Event: 4.363 Thread 0x00000251d0cd12d0 nmethod 2514% 0x00000251e01e6890 code [0x00000251e01e6d20, 0x00000251e01ed8b8]
Event: 4.365 Thread 0x00000251d0cd12d0 2547       4       org.jacoco.agent.rt.internal_b6258fc.asm.ClassReader::readMethod (1066 bytes)

GC Heap History (8 events):
Event: 1.075 GC heap before
{Heap before GC invocations=0 (full 0):
 garbage-first heap   total 131072K, used 12288K [0x0000000081e00000, 0x0000000100000000)
  region size 1024K, 13 young (13312K), 0 survivors (0K)
 Metaspace       used 2470K, committed 2624K, reserved 1114112K
  class space    used 227K, committed 256K, reserved 1048576K
}
Event: 1.081 GC heap after
{Heap after GC invocations=1 (full 0):
 garbage-first heap   total 131072K, used 5117K [0x0000000081e00000, 0x0000000100000000)
  region size 1024K, 2 young (2048K), 2 survivors (2048K)
 Metaspace       used 2470K, committed 2624K, reserved 1114112K
  class space    used 227K, committed 256K, reserved 1048576K
}
Event: 1.455 GC heap before
{Heap before GC invocations=1 (full 0):
 garbage-first heap   total 131072K, used 17405K [0x0000000081e00000, 0x0000000100000000)
  region size 1024K, 14 young (14336K), 2 survivors (2048K)
 Metaspace       used 3839K, committed 4032K, reserved 1114112K
  class space    used 384K, committed 512K, reserved 1048576K
}
Event: 1.460 GC heap after
{Heap after GC invocations=2 (full 0):
 garbage-first heap   total 131072K, used 5566K [0x0000000081e00000, 0x0000000100000000)
  region size 1024K, 1 young (1024K), 1 survivors (1024K)
 Metaspace       used 3839K, committed 4032K, reserved 1114112K
  class space    used 384K, committed 512K, reserved 1048576K
}
Event: 2.410 GC heap before
{Heap before GC invocations=2 (full 0):
 garbage-first heap   total 131072K, used 32190K [0x0000000081e00000, 0x0000000100000000)
  region size 1024K, 27 young (27648K), 1 survivors (1024K)
 Metaspace       used 6075K, committed 6272K, reserved 1114112K
  class space    used 654K, committed 768K, reserved 1048576K
}
Event: 2.413 GC heap after
{Heap after GC invocations=3 (full 0):
 garbage-first heap   total 131072K, used 6429K [0x0000000081e00000, 0x0000000100000000)
  region size 1024K, 2 young (2048K), 2 survivors (2048K)
 Metaspace       used 6075K, committed 6272K, reserved 1114112K
  class space    used 654K, committed 768K, reserved 1048576K
}
Event: 4.178 GC heap before
{Heap before GC invocations=3 (full 0):
 garbage-first heap   total 131072K, used 81181K [0x0000000081e00000, 0x0000000100000000)
  region size 1024K, 76 young (77824K), 2 survivors (2048K)
 Metaspace       used 12069K, committed 12352K, reserved 1114112K
  class space    used 1373K, committed 1472K, reserved 1048576K
}
Event: 4.186 GC heap after
{Heap after GC invocations=4 (full 0):
 garbage-first heap   total 131072K, used 8566K [0x0000000081e00000, 0x0000000100000000)
  region size 1024K, 4 young (4096K), 4 survivors (4096K)
 Metaspace       used 12069K, committed 12352K, reserved 1114112K
  class space    used 1373K, committed 1472K, reserved 1048576K
}

Deoptimization events (20 events):
Event: 4.087 Thread 0x00000251d0cce540 Uncommon trap: trap_request=0xffffff45 fr.pc=0x00000251e0146ee4 relative=0x00000000000001c4
Event: 4.087 Thread 0x00000251d0cce540 Uncommon trap: reason=unstable_if action=reinterpret pc=0x00000251e0146ee4 method=org.jacoco.agent.rt.internal_b6258fc.core.internal.flow.LabelFlowAnalyzer.markMethodInvocationLine()V @ 4 c2
Event: 4.087 Thread 0x00000251d0cce540 DEOPT PACKING pc=0x00000251e0146ee4 sp=0x00000082bf1f9e40
Event: 4.087 Thread 0x00000251d0cce540 DEOPT UNPACKING pc=0x00000251d86323a3 sp=0x00000082bf1f9d70 mode 2
Event: 4.088 Thread 0x00000251d0cce540 Uncommon trap: trap_request=0xffffffde fr.pc=0x00000251e01d36cc relative=0x0000000000001dec
Event: 4.088 Thread 0x00000251d0cce540 Uncommon trap: reason=class_check action=maybe_recompile pc=0x00000251e01d36cc method=org.jacoco.agent.rt.internal_b6258fc.asm.tree.MethodNode.accept(Lorg/jacoco/agent/rt/internal_b6258fc/asm/MethodVisitor;)V @ 349 c2
Event: 4.088 Thread 0x00000251d0cce540 DEOPT PACKING pc=0x00000251e01d36cc sp=0x00000082bf1f9ed0
Event: 4.088 Thread 0x00000251d0cce540 DEOPT UNPACKING pc=0x00000251d86323a3 sp=0x00000082bf1f9e90 mode 2
Event: 4.100 Thread 0x00000251d0cce540 Uncommon trap: trap_request=0xffffffde fr.pc=0x00000251e01d36cc relative=0x0000000000001dec
Event: 4.100 Thread 0x00000251d0cce540 Uncommon trap: reason=class_check action=maybe_recompile pc=0x00000251e01d36cc method=org.jacoco.agent.rt.internal_b6258fc.asm.tree.MethodNode.accept(Lorg/jacoco/agent/rt/internal_b6258fc/asm/MethodVisitor;)V @ 349 c2
Event: 4.100 Thread 0x00000251d0cce540 DEOPT PACKING pc=0x00000251e01d36cc sp=0x00000082bf1f91a0
Event: 4.100 Thread 0x00000251d0cce540 DEOPT UNPACKING pc=0x00000251d86323a3 sp=0x00000082bf1f9160 mode 2
Event: 4.114 Thread 0x00000251d0cce540 DEOPT PACKING pc=0x00000251d8dd67d8 sp=0x00000082bf1f8b20
Event: 4.114 Thread 0x00000251d0cce540 DEOPT UNPACKING pc=0x00000251d8632b43 sp=0x00000082bf1f8000 mode 0
Event: 4.282 Thread 0x00000251d0cce540 Uncommon trap: trap_request=0xffffff45 fr.pc=0x00000251e0129ac8 relative=0x00000000000009c8
Event: 4.282 Thread 0x00000251d0cce540 Uncommon trap: reason=unstable_if action=reinterpret pc=0x00000251e0129ac8 method=jdk.internal.org.objectweb.asm.SymbolTable.put(Ljdk/internal/org/objectweb/asm/SymbolTable$Entry;)Ljdk/internal/org/objectweb/asm/SymbolTable$Entry; @ 13 c2
Event: 4.282 Thread 0x00000251d0cce540 DEOPT PACKING pc=0x00000251e0129ac8 sp=0x00000082bf1fa9b0
Event: 4.282 Thread 0x00000251d0cce540 DEOPT UNPACKING pc=0x00000251d86323a3 sp=0x00000082bf1fa8e8 mode 2
Event: 4.411 Thread 0x00000251d0cce540 DEOPT PACKING pc=0x00000251d8dd9ef2 sp=0x00000082bf1f15c0
Event: 4.411 Thread 0x00000251d0cce540 DEOPT UNPACKING pc=0x00000251d8632b43 sp=0x00000082bf1f0b40 mode 0

Classes loaded (20 events):
Event: 3.917 Loading class java/beans/PropertyChangeListener
Event: 3.917 Loading class java/beans/PropertyChangeListener done
Event: 3.918 Loading class com/sun/jmx/mbeanserver/StandardMBeanSupport
Event: 3.918 Loading class com/sun/jmx/mbeanserver/StandardMBeanSupport done
Event: 3.919 Loading class com/sun/jmx/mbeanserver/StandardMBeanIntrospector
Event: 3.919 Loading class com/sun/jmx/mbeanserver/StandardMBeanIntrospector done
Event: 4.031 Loading class java/util/Stack
Event: 4.031 Loading class java/util/Stack done
Event: 4.033 Loading class java/util/LinkedList
Event: 4.033 Loading class java/util/AbstractSequentialList
Event: 4.033 Loading class java/util/AbstractSequentialList done
Event: 4.033 Loading class java/util/LinkedList done
Event: 4.036 Loading class java/util/LinkedList$ListItr
Event: 4.037 Loading class java/util/LinkedList$ListItr done
Event: 4.219 Loading class java/lang/Process
Event: 4.219 Loading class java/lang/Process done
Event: 4.258 Loading class java/io/Console
Event: 4.258 Loading class java/io/Console done
Event: 4.291 Loading class sun/misc/Unsafe
Event: 4.292 Loading class sun/misc/Unsafe done

Classes unloaded (0 events):
No events

Classes redefined (0 events):
No events

Internal exceptions (20 events):
Event: 2.082 Thread 0x00000251d0cce540 Exception <a 'sun/nio/fs/WindowsException'{0x0000000088e60968}> (0x0000000088e60968) 
thrown [t:\workspace\open\src\hotspot\share\prims\jni.cpp, line 516]
Event: 2.088 Thread 0x00000251d0cce540 Exception <a 'sun/nio/fs/WindowsException'{0x0000000088e70e90}> (0x0000000088e70e90) 
thrown [t:\workspace\open\src\hotspot\share\prims\jni.cpp, line 516]
Event: 2.092 Thread 0x00000251d0cce540 Exception <a 'sun/nio/fs/WindowsException'{0x0000000088e77c00}> (0x0000000088e77c00) 
thrown [t:\workspace\open\src\hotspot\share\prims\jni.cpp, line 516]
Event: 2.099 Thread 0x00000251d0cce540 Exception <a 'sun/nio/fs/WindowsException'{0x0000000088e83070}> (0x0000000088e83070) 
thrown [t:\workspace\open\src\hotspot\share\prims\jni.cpp, line 516]
Event: 2.105 Thread 0x00000251d0cce540 Exception <a 'sun/nio/fs/WindowsException'{0x0000000088e94d70}> (0x0000000088e94d70) 
thrown [t:\workspace\open\src\hotspot\share\prims\jni.cpp, line 516]
Event: 2.129 Thread 0x00000251d0cce540 Exception <a 'sun/nio/fs/WindowsException'{0x0000000088d40450}> (0x0000000088d40450) 
thrown [t:\workspace\open\src\hotspot\share\prims\jni.cpp, line 516]
Event: 2.134 Thread 0x00000251d0cce540 Exception <a 'sun/nio/fs/WindowsException'{0x0000000088d4cb08}> (0x0000000088d4cb08) 
thrown [t:\workspace\open\src\hotspot\share\prims\jni.cpp, line 516]
Event: 2.146 Thread 0x00000251d0cce540 Exception <a 'java/lang/NoSuchMethodError'{0x0000000088da44d8}: 'void java.lang.invoke.DirectMethodHandle$Holder.invokeInterface(java.lang.Object, java.lang.Object, java.lang.Object, java.lang.Object)'> (0x0000000088da44d8) 
thrown [t:\workspace\open\src\hotspot\share\interpreter\linkResolver.cpp, line 766]
Event: 2.147 Thread 0x00000251d0cce540 Exception <a 'java/lang/IncompatibleClassChangeError'{0x0000000088da7960}: Found class java.lang.Object, but interface was expected> (0x0000000088da7960) 
thrown [t:\workspace\open\src\hotspot\share\interpreter\linkResolver.cpp, line 833]
Event: 2.176 Thread 0x00000251d0cce540 Exception <a 'java/lang/NoSuchMethodError'{0x0000000088cae5a8}: 'java.lang.Object java.lang.invoke.Invokers$Holder.invokeExact_MT(java.lang.Object, java.lang.Object, java.lang.Object, java.lang.Object, java.lang.Object, java.lang.Object)'> (0x0000000088cae5a8) 
thrown [t:\workspace\open\src\hotspot\share\interpreter\linkResolver.cpp, line 766]
Event: 2.223 Thread 0x00000251d0cce540 Exception <a 'java/lang/NoSuchMethodError'{0x0000000088a95b48}: 'int java.lang.invoke.DirectMethodHandle$Holder.invokeStatic(java.lang.Object, java.lang.Object, java.lang.Object, java.lang.Object, java.lang.Object)'> (0x0000000088a95b48) 
thrown [t:\workspace\open\src\hotspot\share\interpreter\linkResolver.cpp, line 766]
Event: 2.279 Thread 0x00000251d0cce540 Exception <a 'java/lang/NoSuchMethodError'{0x00000000888bb660}: 'void java.lang.invoke.DirectMethodHandle$Holder.invokeVirtual(java.lang.Object, java.lang.Object)'> (0x00000000888bb660) 
thrown [t:\workspace\open\src\hotspot\share\interpreter\linkResolver.cpp, line 766]
Event: 2.281 Thread 0x00000251d0cce540 Exception <a 'sun/nio/fs/WindowsException'{0x00000000888c48f0}> (0x00000000888c48f0) 
thrown [t:\workspace\open\src\hotspot\share\prims\jni.cpp, line 516]
Event: 2.288 Thread 0x00000251d0cce540 Exception <a 'sun/nio/fs/WindowsException'{0x00000000888d78c0}> (0x00000000888d78c0) 
thrown [t:\workspace\open\src\hotspot\share\prims\jni.cpp, line 516]
Event: 2.900 Thread 0x00000251d0cce540 Exception <a 'java/lang/NoSuchMethodError'{0x00000000889e78d0}: 'java.lang.Object java.lang.invoke.DirectMethodHandle$Holder.invokeStaticInit(java.lang.Object, int, int, int, int)'> (0x00000000889e78d0) 
thrown [t:\workspace\open\src\hotspot\share\interpreter\linkResolver.cpp, line 766]
Event: 2.981 Thread 0x00000251d0cce540 Exception <a 'java/lang/NoSuchMethodError'{0x0000000088836170}: 'java.lang.Object java.lang.invoke.DirectMethodHandle$Holder.invokeStaticInit(java.lang.Object, java.lang.Object, int, int, int, int)'> (0x0000000088836170) 
thrown [t:\workspace\open\src\hotspot\share\interpreter\linkResolver.cpp, line 766]
Event: 3.773 Thread 0x00000251d0cce540 Exception <a 'java/lang/NoSuchMethodError'{0x0000000085e93d28}: 'int java.lang.invoke.DirectMethodHandle$Holder.invokeInterface(java.lang.Object, java.lang.Object)'> (0x0000000085e93d28) 
thrown [t:\workspace\open\src\hotspot\share\interpreter\linkResolver.cpp, line 766]
Event: 3.773 Thread 0x00000251d0cce540 Exception <a 'java/lang/IncompatibleClassChangeError'{0x0000000085e97558}: Found class java.lang.Object, but interface was expected> (0x0000000085e97558) 
thrown [t:\workspace\open\src\hotspot\share\interpreter\linkResolver.cpp, line 833]
Event: 4.087 Thread 0x00000251d0cce540 Implicit null exception at 0x00000251e0146d57 to 0x00000251e0146ed0
Event: 4.252 Thread 0x00000251d0cce540 Exception <a 'java/lang/NoSuchMethodError'{0x0000000089bfe908}: 'int java.lang.invoke.DirectMethodHandle$Holder.invokeSpecial(java.lang.Object, java.lang.Object, java.lang.Object, java.lang.Object)'> (0x0000000089bfe908) 
thrown [t:\workspace\open\src\hotspot\share\interpreter\linkResolver.cpp, line 766]

VM Operations (20 events):
Event: 2.878 Executing VM operation: HandshakeAllThreads
Event: 2.878 Executing VM operation: HandshakeAllThreads done
Event: 3.459 Executing VM operation: HandshakeAllThreads
Event: 3.459 Executing VM operation: HandshakeAllThreads done
Event: 3.459 Executing VM operation: Cleanup
Event: 3.459 Executing VM operation: Cleanup done
Event: 3.513 Executing VM operation: HandshakeAllThreads
Event: 3.513 Executing VM operation: HandshakeAllThreads done
Event: 3.574 Executing VM operation: HandshakeAllThreads
Event: 3.574 Executing VM operation: HandshakeAllThreads done
Event: 3.883 Executing VM operation: HandshakeAllThreads
Event: 3.883 Executing VM operation: HandshakeAllThreads done
Event: 4.012 Executing VM operation: ICBufferFull
Event: 4.012 Executing VM operation: ICBufferFull done
Event: 4.034 Executing VM operation: HandshakeAllThreads
Event: 4.034 Executing VM operation: HandshakeAllThreads done
Event: 4.178 Executing VM operation: G1CollectForAllocation
Event: 4.186 Executing VM operation: G1CollectForAllocation done
Event: 4.272 Executing VM operation: HandshakeAllThreads
Event: 4.272 Executing VM operation: HandshakeAllThreads done

Events (20 events):
Event: 0.093 Thread 0x00000251ee58f370 Thread added: 0x00000251ee58f370
Event: 0.093 Thread 0x00000251ee58f830 Thread added: 0x00000251ee58f830
Event: 0.093 Thread 0x00000251ee591f10 Thread added: 0x00000251ee591f10
Event: 0.093 Thread 0x00000251ee59b1f0 Thread added: 0x00000251ee59b1f0
Event: 0.093 Thread 0x00000251ee59cea0 Thread added: 0x00000251ee59cea0
Event: 0.094 Thread 0x00000251ee5bfb10 Thread added: 0x00000251ee5bfb10
Event: 0.332 Thread 0x00000251f29a6db0 Thread added: 0x00000251f29a6db0
Event: 0.373 Loaded shared library C:\Program Files\Java\jdk-18\bin\zip.dll
Event: 0.378 Loaded shared library C:\Program Files\Java\jdk-18\bin\instrument.dll
Event: 0.389 Loaded shared library C:\Program Files\Java\jdk-18\bin\net.dll
Event: 0.393 Loaded shared library C:\Program Files\Java\jdk-18\bin\nio.dll
Event: 0.401 Loaded shared library C:\Program Files\Java\jdk-18\bin\zip.dll
Event: 0.443 Loaded shared library C:\Program Files\Java\jdk-18\bin\verify.dll
Event: 0.494 Loaded shared library C:\Program Files\Java\jdk-18\bin\jimage.dll
Event: 0.718 Thread 0x00000251f29a50d0 Thread added: 0x00000251f29a50d0
Event: 0.824 Thread 0x00000251f29a7280 Thread added: 0x00000251f29a7280
Event: 0.843 Thread 0x00000251d0cd12d0 Thread added: 0x00000251d0cd12d0
Event: 1.169 Thread 0x00000251f29a7750 Thread added: 0x00000251f29a7750
Event: 2.698 Loaded shared library C:\Program Files\Java\jdk-18\bin\management.dll
Event: 2.703 Loaded shared library C:\Program Files\Java\jdk-18\bin\management_ext.dll


Dynamic libraries:
0x00007ff6e77b0000 - 0x00007ff6e77c0000 	C:\Program Files\Java\jdk-18\bin\javaw.exe
0x00007ffd87af0000 - 0x00007ffd87ce8000 	C:\WINDOWS\SYSTEM32\ntdll.dll
0x00007ffd871a0000 - 0x00007ffd8725d000 	C:\WINDOWS\System32\KERNEL32.DLL
0x00007ffd85520000 - 0x00007ffd857f2000 	C:\WINDOWS\System32\KERNELBASE.dll
0x00007ffd858a0000 - 0x00007ffd859a0000 	C:\WINDOWS\System32\ucrtbase.dll
0x00007ffd792e0000 - 0x00007ffd792f8000 	C:\Program Files\Java\jdk-18\bin\jli.dll
0x00007ffd870e0000 - 0x00007ffd8718e000 	C:\WINDOWS\System32\ADVAPI32.dll
0x00007ffd864c0000 - 0x00007ffd8655e000 	C:\WINDOWS\System32\msvcrt.dll
0x00007ffd86f10000 - 0x00007ffd86fac000 	C:\WINDOWS\System32\sechost.dll
0x00007ffd876f0000 - 0x00007ffd87815000 	C:\WINDOWS\System32\RPCRT4.dll
0x00007ffd87470000 - 0x00007ffd8760d000 	C:\WINDOWS\System32\USER32.dll
0x00007ffd854f0000 - 0x00007ffd85512000 	C:\WINDOWS\System32\win32u.dll
0x00007ffd869d0000 - 0x00007ffd869fb000 	C:\WINDOWS\System32\GDI32.dll
0x00007ffd85200000 - 0x00007ffd8530f000 	C:\WINDOWS\System32\gdi32full.dll
0x00007ffd853c0000 - 0x00007ffd8545d000 	C:\WINDOWS\System32\msvcp_win.dll
0x00007ffd792c0000 - 0x00007ffd792da000 	C:\Program Files\Java\jdk-18\bin\VCRUNTIME140.dll
0x00007ffd75c40000 - 0x00007ffd75eda000 	C:\WINDOWS\WinSxS\amd64_microsoft.windows.common-controls_6595b64144ccf1df_6.0.19041.1110_none_60b5254171f9507e\COMCTL32.dll
0x00007ffd76ac0000 - 0x00007ffd76aca000 	C:\WINDOWS\SYSTEM32\VERSION.dll
0x00007ffd85be0000 - 0x00007ffd85c10000 	C:\WINDOWS\System32\IMM32.DLL
0x00007ffd7f8d0000 - 0x00007ffd7f8dc000 	C:\Program Files\Java\jdk-18\bin\vcruntime140_1.dll
0x00007ffd42200000 - 0x00007ffd4228d000 	C:\Program Files\Java\jdk-18\bin\msvcp140.dll
0x00007ffd218f0000 - 0x00007ffd22501000 	C:\Program Files\Java\jdk-18\bin\server\jvm.dll
0x00007ffd87190000 - 0x00007ffd87198000 	C:\WINDOWS\System32\PSAPI.DLL
0x00007ffd80a20000 - 0x00007ffd80a29000 	C:\WINDOWS\SYSTEM32\WSOCK32.dll
0x00007ffd87680000 - 0x00007ffd876eb000 	C:\WINDOWS\System32\WS2_32.dll
0x00007ffd77670000 - 0x00007ffd77697000 	C:\WINDOWS\SYSTEM32\WINMM.dll
0x00007ffd83a80000 - 0x00007ffd83a92000 	C:\WINDOWS\SYSTEM32\kernel.appcore.dll
0x00007ffd7e320000 - 0x00007ffd7e32a000 	C:\Program Files\Java\jdk-18\bin\jimage.dll
0x00007ffd83090000 - 0x00007ffd83274000 	C:\WINDOWS\SYSTEM32\DBGHELP.DLL
0x00007ffd722a0000 - 0x00007ffd722cc000 	C:\WINDOWS\SYSTEM32\dbgcore.DLL
0x00007ffd85460000 - 0x00007ffd854e2000 	C:\WINDOWS\System32\bcryptPrimitives.dll
0x00007ffd7e250000 - 0x00007ffd7e25e000 	C:\Program Files\Java\jdk-18\bin\instrument.dll
0x00007ffd79290000 - 0x00007ffd792b5000 	C:\Program Files\Java\jdk-18\bin\java.dll
0x00007ffd3b6d0000 - 0x00007ffd3b7a6000 	C:\Program Files\Java\jdk-18\bin\jsvml.dll
0x00007ffd85c10000 - 0x00007ffd86353000 	C:\WINDOWS\System32\SHELL32.dll
0x00007ffd83280000 - 0x00007ffd83a11000 	C:\WINDOWS\SYSTEM32\windows.storage.dll
0x00007ffd86a60000 - 0x00007ffd86db4000 	C:\WINDOWS\System32\combase.dll
0x00007ffd84b80000 - 0x00007ffd84bb0000 	C:\WINDOWS\SYSTEM32\Wldp.dll
0x00007ffd86410000 - 0x00007ffd864bd000 	C:\WINDOWS\System32\SHCORE.dll
0x00007ffd87a50000 - 0x00007ffd87aa5000 	C:\WINDOWS\System32\shlwapi.dll
0x00007ffd85140000 - 0x00007ffd8515f000 	C:\WINDOWS\SYSTEM32\profapi.dll
0x00007ffd77310000 - 0x00007ffd77328000 	C:\Program Files\Java\jdk-18\bin\zip.dll
0x00007ffd79270000 - 0x00007ffd79283000 	C:\Program Files\Java\jdk-18\bin\net.dll
0x00007ffd76610000 - 0x00007ffd7671d000 	C:\WINDOWS\SYSTEM32\WINHTTP.dll
0x00007ffd848e0000 - 0x00007ffd8494a000 	C:\WINDOWS\system32\mswsock.dll
0x00007ffd78b10000 - 0x00007ffd78b26000 	C:\Program Files\Java\jdk-18\bin\nio.dll
0x00007ffd7e240000 - 0x00007ffd7e250000 	C:\Program Files\Java\jdk-18\bin\verify.dll
0x00007ffd717b0000 - 0x00007ffd717c7000 	C:\WINDOWS\system32\napinsp.dll
0x00007ffd70ce0000 - 0x00007ffd70cfb000 	C:\WINDOWS\system32\pnrpnsp.dll
0x00007ffd70cc0000 - 0x00007ffd70cd5000 	C:\WINDOWS\system32\wshbth.dll
0x00007ffd808d0000 - 0x00007ffd808ed000 	C:\WINDOWS\system32\NLAapi.dll
0x00007ffd845d0000 - 0x00007ffd8460b000 	C:\WINDOWS\SYSTEM32\IPHLPAPI.DLL
0x00007ffd84610000 - 0x00007ffd846da000 	C:\WINDOWS\SYSTEM32\DNSAPI.dll
0x00007ffd87610000 - 0x00007ffd87618000 	C:\WINDOWS\System32\NSI.dll
0x00007ffd70ca0000 - 0x00007ffd70cb2000 	C:\WINDOWS\System32\winrnr.dll
0x00007ffd75c30000 - 0x00007ffd75c3a000 	C:\Windows\System32\rasadhlp.dll
0x00007ffd76530000 - 0x00007ffd765b0000 	C:\WINDOWS\System32\fwpuclnt.dll
0x00007ffd85870000 - 0x00007ffd85897000 	C:\WINDOWS\System32\bcrypt.dll
0x00007ffd79ba0000 - 0x00007ffd79bb7000 	C:\WINDOWS\SYSTEM32\dhcpcsvc6.DLL
0x00007ffd79f60000 - 0x00007ffd79f7d000 	C:\WINDOWS\SYSTEM32\dhcpcsvc.DLL
0x00007ffd7e210000 - 0x00007ffd7e219000 	C:\Program Files\Java\jdk-18\bin\management.dll
0x00007ffd7e000000 - 0x00007ffd7e00b000 	C:\Program Files\Java\jdk-18\bin\management_ext.dll
0x00007ffd84ad0000 - 0x00007ffd84ae8000 	C:\WINDOWS\SYSTEM32\CRYPTSP.dll
0x00007ffd84200000 - 0x00007ffd84234000 	C:\WINDOWS\system32\rsaenh.dll
0x00007ffd85100000 - 0x00007ffd8512e000 	C:\WINDOWS\SYSTEM32\USERENV.dll
0x00007ffd84af0000 - 0x00007ffd84afc000 	C:\WINDOWS\SYSTEM32\CRYPTBASE.dll

dbghelp: loaded successfully - version: 4.0.5 - missing functions: none
symbol engine: initialized successfully - sym options: 0x614 - pdb path: .;C:\Program Files\Java\jdk-18\bin;C:\WINDOWS\SYSTEM32;C:\WINDOWS\WinSxS\amd64_microsoft.windows.common-controls_6595b64144ccf1df_6.0.19041.1110_none_60b5254171f9507e;C:\Program Files\Java\jdk-18\bin\server

VM Arguments:
jvm_args: -javaagent:C:\Users\HP\eclipse\java-2022-063\eclipse\configuration\org.eclipse.osgi\387\0\.cp\jacocoagent.jar=includes=*,excludes=,exclclassloader=sun.reflect.DelegatingClassLoader,output=tcpclient,port=56440 -ea -Dfile.encoding=UTF-8 -XX:+ShowCodeDetailsInExceptionMessages 
java_command: org.eclipse.jdt.internal.junit.runner.RemoteTestRunner -version 3 -port 56441 -testLoaderClass org.eclipse.jdt.internal.junit5.runner.JUnit5TestLoader -loaderpluginname org.eclipse.jdt.junit5.runtime -packageNameFile C:\Users\HP\AppData\Local\Temp\packageNames17937828704729811180.txt -testfailures C:\Users\HP\AppData\Local\Temp\testFailures5501899478121305499.txt
java_class_path (initial): C:\Users\HP\Desktop\p5-kaloui-sanaa\parking-system\target\test-classes;C:\Users\HP\Desktop\p5-kaloui-sanaa\parking-system\target\classes;C:\Program Files\MySQL\mysql-connector-java-8.0.17.jar;C:\Users\HP\.m2\repository\org\apache\logging\log4j\log4j-api\2.12.1\log4j-api-2.12.1.jar;C:\Users\HP\.m2\repository\org\apache\logging\log4j\log4j-core\2.12.1\log4j-core-2.12.1.jar;C:\Users\HP\.m2\repository\mysql\mysql-connector-java\8.0.17\mysql-connector-java-8.0.17.jar;C:\Users\HP\.m2\repository\com\google\protobuf\protobuf-java\3.6.1\protobuf-java-3.6.1.jar;C:\Users\HP\.m2\repository\org\junit\jupiter\junit-jupiter-api\5.3.2\junit-jupiter-api-5.3.2.jar;C:\Users\HP\.m2\repository\org\apiguardian\apiguardian-api\1.0.0\apiguardian-api-1.0.0.jar;C:\Users\HP\.m2\repository\org\opentest4j\opentest4j\1.1.1\opentest4j-1.1.1.jar;C:\Users\HP\.m2\repository\org\junit\platform\junit-platform-commons\1.3.2\junit-platform-commons-1.3.2.jar;C:\Users\HP\.m2\repository\org\junit\jupiter\junit-jupiter-engine\5.3.2\junit-jupiter-engine-5.3.2.jar;C:\Users\HP\.m2\repository\org\junit\platform\junit-platform-engine\1.3.2\junit-platform-engine-1.3.2.jar;C:\Users\HP\.m2\repository\org\junit\vintage\junit-vintage-engine\5.3.2\junit-vintage-engine-5.3.2.jar;C:\Users\HP\.m2\repository\junit\junit\4.12\junit-4.12.jar;C:\Users\HP\.m2\repository\org\hamcrest\hamcrest-core\1.3\hamcrest-core-1.3.jar;C:\Users\HP\.m2\repository\org\mockito\mockito-junit-jupiter\2.23.4\mockito-junit-jupiter-2.23.4.jar;C:\Users\HP\.m2\repository\org\mockito\mockito-core\2.23.4\mockito-core-2.23.4.jar;C:\Users\HP\.m2\repository\net\bytebuddy\byte-buddy-agent\1.9.3\byte-buddy-agent-1.9.3.jar;C:\Users\HP\.m2\repository\org\objenesis\objenesis\2.6\objenesis-2.6.jar;C:\Users\HP\.m2\repository\org\jacoco\jacoco-maven-plugin\0.8.8\jacoco-maven-plugin-0.8.8.jar;C:\Users\HP\.m2\repository\org\codehaus\plexus\plexus-utils\3.0.22\plexus-utils-3.0.22.jar;C:\Users\HP\.m2\repository\org\apache\maven\shared\file-management\1.2.1\file-management-1.2.1.jar;C:\Users\HP\.m2\repository\org\codehaus\plexus\plexus-container-default\1.0-alpha-9\plexus-container-default-1.0-alpha-9.jar;C:\Users\HP\.m2\repository\classworlds\classworlds\1.1-alpha-2\classworlds-1.1-alpha-2.jar;C:\Users\HP\.m2\repository\org\apache\maven\reporting\maven-reporting-api\3.0\maven-reporting-api-3.0.jar;C:\Users\HP\.m2\repository\org\apache\maven\doxia\doxia-sink-api\1.0\doxia-sink-api-1.0.jar;C:\Users\HP\.m2\repository\org\jacoco\org.jacoco.agent\0.8.8\org.jacoco.agent-0.8.8-runtime.jar;C:\Users\HP\.m2\repository\org\jacoco\org.jacoco.core\0.8.8\org.jacoco.core-0.8.8.jar;C:\Users\HP\.m2\repository\org\jacoco\org.jacoco.report\0.8.8\org.jacoco.report-0.8.8.jar;C:\Users\HP\.m2\repository\org\apache\maven\plugins\maven-assembly-plugin\3.3.0\maven-assembly-plugin-3.3.0.jar;C:\Users\HP\.m2\repository\org\apache\maven\maven-plugin-api\3.0\maven-plugin-api-3.0.jar;C:\Users\HP\.m2\repository\org\sonatype\sisu\sisu-inject-plexus\1.4.2\sisu-inject-plexus-1.4.2.jar;C:\Users\HP\.m2\repository\org\sonatype\sisu\sisu-inject-bean\1.4.2\sisu-inject-bean-1.4.2.jar;C:\Users\HP\.m2\repository\org\sonatype\sisu\sisu-guice\2.1.7\sisu-guice-2.1.7-noaop.jar;C:\Users\HP\.m2\repository\org\apache\maven\maven-core\3.0\maven-core-3.0.jar;C:\Users\HP\.m2\repository\org\apache\maven\maven-settings\3.0\maven-settings-3.0.jar;C:\Users\HP\.m2\repository\org\apache\maven\maven-settings-builder\3.0\maven-settings-builder-3.0.jar;C:\Users\HP\.m2\repository\org\apache\maven\maven-repository-metadata\3.0\maven-repository-metadata-3.0.jar;C:\Users\HP\.m2\repository\org\apache\maven\maven-model-builder\3.0\maven-model-builder-3.0.jar;C:\Users\HP\.m2\repository\org\apache\maven\maven-aether-provider\3.0\maven-aether-provider-3.0.jar;C:\Users\HP\.m2\repository\org\sonatype\aether\aether-impl\1.7\aether-impl-1.7.jar;C:\Users\HP\.m2\repository\org\sonatype\aether\aether-spi\1.7\aether-spi-1.7.jar;C:\Users\HP\.m2\repository\org\sonatype\aether\aether-api\1.7\aether-api-1.7.jar;C:\Users\HP\.m2\repository\org\sonatype\aether\aether-util\1.7\aether-util-1.7.jar;C:\Users\HP\.m2\repository\org\codehaus\plexus\plexus-classworlds\2.2.3\plexus-classworlds-2.2.3.jar;C:\Users\HP\.m2\repository\org\codehaus\plexus\plexus-component-annotations\1.5.5\plexus-component-annotations-1.5.5.jar;C:\Users\HP\.m2\repository\org\sonatype\plexus\plexus-sec-dispatcher\1.3\plexus-sec-dispatcher-1.3.jar;C:\Users\HP\.m2\repository\org\sonatype\plexus\plexus-cipher\1.4\plexus-cipher-1.4.jar;C:\Users\HP\.m2\repository\org\apache\maven\maven-artifact\3.0\maven-artifact-3.0.jar;C:\Users\HP\.m2\repository\org\apache\maven\maven-model\3.0\maven-model-3.0.jar;C:\Users\HP\.m2\repository\org\apache\maven\shared\maven-common-artifact-filters\3.1.0\maven-common-artifact-filters-3.1.0.jar;C:\Users\HP\.m2\repository\org\apache\maven\shared\maven-shared-utils\3.1.0\maven-shared-utils-3.1.0.jar;C:\Users\HP\.m2\repository\org\apache\maven\shared\maven-artifact-transfer\0.11.0\maven-artifact-transfer-0.11.0.jar;C:\Users\HP\.m2\repository\org\codehaus\plexus\plexus-interpolation\1.25\plexus-interpolation-1.25.jar;C:\Users\HP\.m2\repository\org\codehaus\plexus\plexus-archiver\4.2.1\plexus-archiver-4.2.1.jar;C:\Users\HP\.m2\repository\org\apache\commons\commons-compress\1.19\commons-compress-1.19.jar;C:\Users\HP\.m2\repository\org\iq80\snappy\snappy\0.4\snappy-0.4.jar;C:\Users\HP\.m2\repository\org\tukaani\xz\1.8\xz-1.8.jar;C:\Users\HP\.m2\repository\org\apache\maven\shared\maven-shared-io\3.0.0\maven-shared-io-3.0.0.jar;C:\Users\HP\.m2\repository\org\apache\maven\maven-compat\3.0\maven-compat-3.0.jar;C:\Users\HP\.m2\repository\org\apache\maven\wagon\wagon-provider-api\2.10\wagon-provider-api-2.10.jar;C:\Users\HP\.m2\repository\commons-io\commons-io\2.5\commons-io-2.5.jar;C:\Users\HP\.m2\repository\org\apache\maven\shared\maven-filtering\3.1.1\maven-filtering-3.1.1.jar;C:\Users\HP\.m2\repository\org\sonatype\plexus\plexus-build-api\0.0.7\plexus-build-api-0.0.7.jar;C:\Users\HP\.m2\repository\org\codehaus\plexus\plexus-io\3.2.0\plexus-io-3.2.0.jar;C:\Users\HP\.m2\repository\org\apache\maven\maven-archiver\3.5.0\maven-archiver-3.5.0.jar;C:\Users\HP\.m2\repository\commons-codec\commons-codec\1.6\commons-codec-1.6.jar;C:\Users\HP\.m2\repository\org\assertj\assertj-core\3.23.1\assertj-core-3.23.1.jar;C:\Users\HP\.m2\repository\net\bytebuddy\byte-buddy\1.12.10\byte-buddy-1.12.10.jar;C:\Users\HP\.m2\repository\com\puppycrawl\tools\checkstyle\10.2\checkstyle-10.2.jar;C:\Users\HP\.m2\repository\info\picocli\picocli\4.6.3\picocli-4.6.3.jar;C:\Users\HP\.m2\repository\org\antlr\antlr4-runtime\4.10.1\antlr4-runtime-4.10.1.jar;C:\Users\HP\.m2\repository\commons-beanutils\commons-beanutils\1.9.4\commons-beanutils-1.9.4.jar;C:\Users\HP\.m2\repository\commons-logging\commons-logging\1.2\commons-logging-1.2.jar;C:\Users\HP\.m2\repository\commons-collections\commons-collections\3.2.2\commons-collections-3.2.2.jar;C:\Users\HP\.m2\repository\com\google\guava\guava\31.1-jre\guava-31.1-jre.jar;C:\Users\HP\.m2\repository\com\google\guava\failureaccess\1.0.1\failureaccess-1.0.1.jar;C:\Users\HP\.m2\repository\com\google\guava\listenablefuture\9999.0-empty-to-avoid-conflict-with-guava\listenablefuture-9999.0-empty-to-avoid-conflict-with-guava.jar;C:\Users\HP\.m2\repository\com\google\code\findbugs\jsr305\3.0.2\jsr305-3.0.2.jar;C:\Users\HP\.m2\repository\org\checkerframework\checker-qual\3.12.0\checker-qual-3.12.0.jar;C:\Users\HP\.m2\repository\com\google\errorprone\error_prone_annotations\2.11.0\error_prone_annotations-2.11.0.jar;C:\Users\HP\.m2\repository\com\google\j2objc\j2objc-annotations\1.3\j2objc-annotations-1.3.jar;C:\Users\HP\.m2\repository\org\reflections\reflections\0.10.2\reflections-0.10.2.jar;C:\Users\HP\.m2\repository\org\javassist\javassist\3.28.0-GA\javassist-3.28.0-GA.jar;C:\Users\HP\.m2\repository\net\sf\saxon\Saxon-HE\11.3\Saxon-HE-11.3.jar;C:\Users\HP\.m2\repository\org\xmlresolver\xmlresolver\4.2.0\xmlresolver-4.2.0.jar;C:\Users\HP\.m2\repository\org\apache\httpcomponents\httpclient\4.5.13\httpclient-4.5.13.jar;C:\Users\HP\.m2\repository\org\apache\httpcomponents\httpcore\4.4.13\httpcore-4.4.13.jar;C:\Users\HP\.m2\repository\org\xmlresolver\xmlresolver\4.2.0\xmlresolver-4.2.0-data.jar;C:\Users\HP\.m2\repository\org\ow2\asm\asm\9.3\asm-9.3.jar;C:\Users\HP\.m2\repository\org\ow2\asm\asm-analysis\9.3\asm-analysis-9.3.jar;C:\Users\HP\.m2\repository\org\ow2\asm\asm-commons\9.3\asm-commons-9.3.jar;C:\Users\HP\.m2\repository\org\ow2\asm\asm-tree\9.3\asm-tree-9.3.jar;C:\Users\HP\.m2\repository\org\ow2\asm\asm-util\9.3\asm-util-9.3.jar;C:\Users\HP\.m2\repository\org\apache\bcel\bcel\6.5.0\bcel-6.5.0.jar;C:\Users\HP\.m2\repository\net\jcip\jcip-annotations\1.0\jcip-annotations-1.0.jar;C:\Users\HP\.m2\repository\org\dom4j\dom4j\2.1.3\dom4j-2.1.3.jar;C:\Users\HP\.m2\repository\org\apache\commons\commons-lang3\3.12.0\commons-lang3-3.12.0.jar;C:\Users\HP\.m2\repository\org\apache\commons\commons-text\1.9\commons-text-1.9.jar;C:\Users\HP\.m2\repository\org\slf4j\slf4j-api\1.8.0-beta4\slf4j-api-1.8.0-beta4.jar;C:\Users\HP\.m2\repository\com\github\spotbugs\spotbugs-annotations\4.7.0\spotbugs-annotations-4.7.0.jar;C:\Users\HP\.m2\repository\com\google\code\gson\gson\2.9.0\gson-2.9.0.jar;C:\Users\HP\.m2\repository\jaxen\jaxen\1.2.0\jaxen-1.2.0.jar;C:\Users\HP\.m2\repository\org\apache\maven\plugins\maven-surefire-report-plugin\2.22.2\maven-surefire-report-plugin-2.22.2.jar;C:\Users\HP\.m2\repository\org\apache\maven\maven-project\2.2.1\maven-project-2.2.1.jar;C:\Users\HP\.m2\repository\org\apache\maven\maven-profile\2.2.1\maven-profile-2.2.1.jar;C:\Users\HP\.m2\repository\org\apache\maven\maven-artifact-manager\2.2.1\maven-artifact-manager-2.2.1.jar;C:\Users\HP\.m2\repository\backport-util-concurrent\backport-util-concurrent\3.1\backport-util-concurrent-3.1.jar;C:\Users\HP\.m2\repository\org\apache\maven\maven-plugin-registry\2.2.1\maven-plugin-registry-2.2.1.jar;C:\Users\HP\.m2\repository\org\apache\maven\plugin-tools\maven-plugin-annotations\3.5.2\maven-plugin-annotations-3.5.2.jar;C:\Users\HP\.m2\repository\org\apache\maven\surefire\surefire-report-parser\2.22.2\surefire-report-parser-2.22.2.jar;C:\Users\HP\.m2\repository\org\apache\maven\surefire\surefire-logger-api\2.22.2\surefire-logger-api-2.22.2.jar;C:\Users\HP\.m2\repository\org\apache\maven\reporting\maven-reporting-impl\2.4\maven-reporting-impl-2.4.jar;C:\Users\HP\.m2\repository\org\apache\maven\doxia\doxia-core\1.6\doxia-core-1.6.jar;C:\Users\HP\.m2\repository\xerces\xercesImpl\2.9.1\xercesImpl-2.9.1.jar;C:\Users\HP\.m2\repository\xml-apis\xml-apis\1.3.04\xml-apis-1.3.04.jar;C:\Users\HP\.m2\repository\commons-lang\commons-lang\2.4\commons-lang-2.4.jar;C:\Users\HP\.m2\repository\xmlunit\xmlunit\1.5\xmlunit-1.5.jar;C:\Users\HP\.m2\repository\commons-validator\commons-validator\1.4.1\commons-validator-1.4.1.jar;C:\Users\HP\.m2\repository\commons-digester\commons-digester\1.8.1\commons-digester-1.8.1.jar;C:\Users\HP\.m2\repository\org\apache\maven\doxia\doxia-site-renderer\1.6\doxia-site-renderer-1.6.jar;C:\Users\HP\.m2\repository\org\apache\maven\doxia\doxia-logging-api\1.6\doxia-logging-api-1.6.jar;C:\Users\HP\.m2\repository\org\apache\maven\doxia\doxia-decoration-model\1.6\doxia-decoration-model-1.6.jar;C:\Users\HP\.m2\repository\org\apache\maven\doxia\doxia-module-xhtml\1.6\doxia-module-xhtml-1.6.jar;C:\Users\HP\.m2\repository\org\apache\maven\doxia\doxia-module-fml\1.6\doxia-module-fml-1.6.jar;C:\Users\HP\.m2\repository\org\codehaus\plexus\plexus-i18n\1.0-beta-7\plexus-i18n-1.0-beta-7.jar;C:\Users\HP\.m2\repository\org\codehaus\plexus\plexus-velocity\1.1.7\plexus-velocity-1.1.7.jar;C:\Users\HP\.m2\repository\org\apache\velocity\velocity\1.5\velocity-1.5.jar;C:\Users\HP\.m2\repository\oro\oro\2.0.8\oro-2.0.8.jar;C:\Users\HP\.m2\repository\org\apache\velocity\velocity-tools\2.0\velocity-tools-2.0.jar;C:\Users\HP\.m2\repository\commons-chain\commons-chain\1.1\commons-chain-1.1.jar;C:\Users\HP\.m2\repository\dom4j\dom4j\1.1\dom4j-1.1.jar;C:\Users\HP\.m2\repository\sslext\sslext\1.2-0\sslext-1.2-0.jar;C:\Users\HP\.m2\repository\org\apache\struts\struts-core\1.3.8\struts-core-1.3.8.jar;C:\Users\HP\.m2\repository\antlr\antlr\2.7.2\antlr-2.7.2.jar;C:\Users\HP\.m2\repository\org\apache\struts\struts-taglib\1.3.8\struts-taglib-1.3.8.jar;C:\Users\HP\.m2\repository\org\apache\struts\struts-tiles\1.3.8\struts-tiles-1.3.8.jar;C:\Users\HP\.m2\repository\org\apache\maven\plugins\maven-surefire-plugin\2.22.2\maven-surefire-plugin-2.22.2.jar;C:\Users\HP\.m2\repository\org\apache\maven\surefire\maven-surefire-common\2.22.2\maven-surefire-common-2.22.2.jar;C:\Users\HP\.m2\repository\org\apache\maven\surefire\surefire-api\2.22.2\surefire-api-2.22.2.jar;C:\Users\HP\.m2\repository\org\apache\maven\surefire\surefire-booter\2.22.2\surefire-booter-2.22.2.jar;C:\Users\HP\.m2\repository\org\apache\maven\maven-plugin-descriptor\2.2.1\maven-plugin-descriptor-2.2.1.jar;C:\Users\HP\.m2\repository\org\apache\maven\maven-toolchain\2.2.1\maven-toolchain-2.2.1.jar;C:\Users\HP\.m2\repository\org\codehaus\plexus\plexus-java\0.9.10\plexus-java-0.9.10.jar;C:\Users\HP\.m2\repository\com\thoughtworks\qdox\qdox\2.0-M8\qdox-2.0-M8.jar;C:\Users\HP\.m2\repository\org\junit\platform\junit-platform-launcher\1.3.2\junit-platform-launcher-1.3.2.jar;C:\Users\HP\eclipse\java-2022-063\eclipse\configuration\org.eclipse.osgi\214\0\.cp;C:\Users\HP\eclipse\java-2022-063\eclipse\configuration\org.eclipse.osgi\212\0\.cp
Launcher Type: SUN_STANDARD

[Global flags]
     intx CICompilerCount                          = 3                                         {product} {ergonomic}
     uint ConcGCThreads                            = 1                                         {product} {ergonomic}
     uint G1ConcRefinementThreads                  = 4                                         {product} {ergonomic}
   size_t G1HeapRegionSize                         = 1048576                                   {product} {ergonomic}
    uintx GCDrainStackTargetSize                   = 64                                        {product} {ergonomic}
   size_t InitialHeapSize                          = 134217728                                 {product} {ergonomic}
   size_t MarkStackSize                            = 4194304                                   {product} {ergonomic}
   size_t MaxHeapSize                              = 2116026368                                {product} {ergonomic}
   size_t MaxNewSize                               = 1268776960                                {product} {ergonomic}
   size_t MinHeapDeltaBytes                        = 1048576                                   {product} {ergonomic}
   size_t MinHeapSize                              = 8388608                                   {product} {ergonomic}
    uintx NonNMethodCodeHeapSize                   = 5832780                                {pd product} {ergonomic}
    uintx NonProfiledCodeHeapSize                  = 122912730                              {pd product} {ergonomic}
    uintx ProfiledCodeHeapSize                     = 122912730                              {pd product} {ergonomic}
    uintx ReservedCodeCacheSize                    = 251658240                              {pd product} {ergonomic}
     bool SegmentedCodeCache                       = true                                      {product} {ergonomic}
     bool ShowCodeDetailsInExceptionMessages       = true                                   {manageable} {command line}
   size_t SoftMaxHeapSize                          = 2116026368                             {manageable} {ergonomic}
     bool UseCompressedClassPointers               = true                           {product lp64_product} {ergonomic}
     bool UseCompressedOops                        = true                           {product lp64_product} {ergonomic}
     bool UseG1GC                                  = true                                      {product} {ergonomic}
     bool UseLargePagesIndividualAllocation        = false                                  {pd product} {ergonomic}

Logging:
Log output configuration:
 #0: stdout all=warning uptime,level,tags foldmultilines=false
 #1: stderr all=off uptime,level,tags foldmultilines=false

Environment Variables:
PATH=C:/Program Files/Eclipse Adoptium/jdk-11.0.16.101-hotspot/bin/server;C:/Program Files/Eclipse Adoptium/jdk-11.0.16.101-hotspot/bin;C:\Program Files\Eclipse Adoptium\jdk-11.0.16.101-hotspot\bin;C:\Program Files\Eclipse Adoptium\jdk-17.0.4.8-hotspot\bin;C:\Program Files\Common Files\Oracle\Java\javapath;C:\ProgramData\Oracle\Java\javapath;C:\WINDOWS\system32;C:\WINDOWS;C:\WINDOWS\System32\Wbem;C:\WINDOWS\System32\WindowsPowerShell\v1.0\;C:\WINDOWS\System32\OpenSSH\;C:\Program Files (x86)\dotnet\;C:\Program Files\Java\jdk-18\bin;C:\Program Files\Git\cmd;C:\apache-maven-3.8.6\apache-maven-3.8.6\bin;C:\Users\HP\AppData\Local\Microsoft\WindowsApps;C:\Users\HP\AppData\Local\Programs\Microsoft VS Code\bin;C:\apache-maven-3.8.6-src\apache-maven-3.8.6\apache-maven\src\bin;;C:\Users\HP\Desktop;
USERNAME=HP
OS=Windows_NT
PROCESSOR_IDENTIFIER=Intel64 Family 6 Model 61 Stepping 4, GenuineIntel



---------------  S Y S T E M  ---------------

OS:
 Windows 10 , 64 bit Build 19041 (10.0.19041.1889)
OS uptime: 11 days 8:56 hours

CPU: total 4 (initial active 4) (2 cores per cpu, 2 threads per core) family 6 model 61 stepping 4 microcode 0x2d, cx8, cmov, fxsr, ht, mmx, 3dnowpref, sse, sse2, sse3, ssse3, sse4.1, sse4.2, popcnt, lzcnt, tsc, tscinvbit, avx, avx2, aes, erms, clmul, bmi1, bmi2, rtm, adx, fma, vzeroupper, clflush

Memory: 4k page, system-wide physical 8067M (662M free)
TotalPageFile size 16906M (AvailPageFile size 5M)
current process WorkingSet (physical memory assigned to process): 177M, peak: 179M
current process commit charge ("private bytes"): 259M, peak: 262M

vm_info: Java HotSpot(TM) 64-Bit Server VM (18+36-2087) for windows-amd64 JRE (18+36-2087), built on Feb 15 2022 09:43:11 by "mach5one" with MS VC++ 16.8 / 16.9 (VS2019)

END.
